Mar 04, 2015 11:54:48 AM model.Model <init>
FINE: Model started
Mar 04, 2015 11:54:48 AM model.Model <init>
FINE: Model loaded
Mar 04, 2015 11:54:49 AM model.Model addGizmo
FINE: Ading gizmo Absorber to pos 0:19
Mar 04, 2015 11:54:49 AM model.Model registerKeyStroke
INFO: Keystroke "32" added to model, now triggering 1gizmos
Mar 04, 2015 11:55:05 AM model.Model <init>
FINE: Model started
Mar 04, 2015 11:55:05 AM model.Model <init>
FINE: Model loaded
Mar 04, 2015 11:55:05 AM model.Model addGizmo
FINE: Ading gizmo Absorber to pos 0:19
Mar 04, 2015 11:55:05 AM model.Model registerKeyStroke
INFO: Keystroke "32" added to model, now triggering 1gizmos
Mar 04, 2015 11:55:28 AM model.Model <init>
FINE: Model started
Mar 04, 2015 11:55:28 AM model.Model <init>
FINE: Model loaded
Mar 04, 2015 11:55:29 AM model.Model addGizmo
FINE: Ading gizmo Absorber to pos 0:19
Mar 04, 2015 11:55:29 AM model.Model registerKeyStroke
INFO: Keystroke "32" added to model, now triggering 1gizmos
